<?xml version="1.0" encoding="UTF-8"?>
<!-- Generated by org.testng.reporters.JUnitReportReporter -->
<testsuite hostname="DESKTOP-4T7HNED" failures="0" tests="1" name="testcase.MyFirstTest" time="15.592" errors="0" timestamp="2023-07-10T11:01:30 IST" skipped="0">
  <testcase classname="testcase.MyFirstTest" name="LoginTest" time="15.592"/>
</testsuite> <!-- testcase.MyFirstTest -->
